<?xml version="1.0" encoding="UTF-8"?>
<!-- Generated by org.testng.reporters.JUnitXMLReporter -->
<testsuite hostname="DESKTOP-5602UDL" ignored="0" name="Default test" tests="3" failures="0" timestamp="2022-04-04T08:35:06 CDT" time="18.103" errors="0">
  <testcase name="validateCategory" time="2.484" classname="test.CandDTest"/>
  <testcase name="userisnotabletoaddaduplicatedcategory" time="1.326" classname="test.CandDTest"/>
  <testcase name="userValidatethemonthdropdownhasallthemonths" time="1.183" classname="test.CandDTest"/>
</testsuite> <!-- Default test -->
